* Starting client
* Connecting to master process on port 3070
* Analyzing classpath: 
  - C:\Users\Diogo\Documents\evosuite\Tutorial_Maven\target\test-classes
  - C:\Users\Diogo\Documents\evosuite\Tutorial_Maven\target\classes
  - C:\Users\Diogo\.m2\repository\junit\junit\4.12\junit-4.12.jar
  - C:\Users\Diogo\.m2\repository\org\hamcrest\hamcrest-core\1.3\hamcrest-core-1.3.jar
* Finished analyzing classpath
* Generating tests for class tutorial.Node
* Test criteria:
  - Line Coverage
  - Branch Coverage
  - Exception
  - Mutation testing (weak)
  - Method-Output Coverage
  - Top-Level Method Coverage
  - No-Exception Top-Level Method Coverage
  - Context Branch Coverage
* Setting up search algorithm for whole suite generation
* Loaded 1 tests from C:\Users\Diogo\Documents\evosuite\Tutorial_Maven\.evosuite\evosuite-seeds\tutorial.Node.seed
* Total number of test goals: 
  - Line 9
  - Branch 4
  - Exception 0
  - MutationFactory 1
  - Output 4
  - Method 4
  - MethodNoException 4
  - CBranchFitnessFactory 4
* Using seed 1572816510778
* Starting evolution
* Search finished after 3s and 12 generations, 5544 statements, best individual has fitness: 1.0
* Writing sequences to pool
* Minimizing test suite
* Going to analyze the coverage criteria
* Coverage analysis for criterion LINE
* Coverage of criterion LINE: 100%
* Total number of goals: 9
* Number of covered goals: 9
* Coverage analysis for criterion BRANCH
* Coverage of criterion BRANCH: 100%
* Total number of goals: 4
* Number of covered goals: 4
* Coverage analysis for criterion EXCEPTION
* Coverage of criterion EXCEPTION: 100% (no goals)
* Coverage analysis for criterion WEAKMUTATION
* Coverage of criterion WEAKMUTATION: 100%
* Total number of goals: 1
* Number of covered goals: 1
* Coverage analysis for criterion OUTPUT
* Coverage of criterion OUTPUT: 100%
* Total number of goals: 4
* Number of covered goals: 4
* Coverage analysis for criterion METHOD
* Coverage of criterion METHOD: 100%
* Total number of goals: 4
* Number of covered goals: 4
* Coverage analysis for criterion METHODNOEXCEPTION
* Coverage of criterion METHODNOEXCEPTION: 100%
* Total number of goals: 4
* Number of covered goals: 4
* Coverage analysis for criterion CBRANCH
* Coverage of criterion CBRANCH: 100%
* Total number of goals: 4
* Number of covered goals: 4
* Generated 5 tests with total length 12
* Resulting test suite's coverage: 100% (average coverage for all fitness functions)
* Generating assertions
* Resulting test suite's mutation score: 0%
* Compiling and checking tests
* Writing JUnit test case 'Node_ESTest' to C:\Users\Diogo\Documents\evosuite\Tutorial_Maven\.evosuite\tmp_2019_11_03_19_24_06\tests
* Done!

