* Starting client
* Connecting to master process on port 19473
* Analyzing classpath: 
  - C:\Users\Diogo\Documents\evosuite\Tutorial_Maven\target\test-classes
  - C:\Users\Diogo\Documents\evosuite\Tutorial_Maven\target\classes
  - C:\Users\Diogo\.m2\repository\junit\junit\4.12\junit-4.12.jar
  - C:\Users\Diogo\.m2\repository\org\hamcrest\hamcrest-core\1.3\hamcrest-core-1.3.jar
* Finished analyzing classpath
* Generating tests for class tutorial.LinkedListIterator
* Test criteria:
  - Line Coverage
  - Branch Coverage
  - Exception
  - Mutation testing (weak)
  - Method-Output Coverage
  - Top-Level Method Coverage
  - No-Exception Top-Level Method Coverage
  - Context Branch Coverage
* Setting up search algorithm for whole suite generation
* Loaded 12 tests from C:\Users\Diogo\Documents\evosuite\Tutorial_Maven\.evosuite\evosuite-seeds\tutorial.LinkedListIterator.seed
* Total number of test goals: 
  - Line 10
  - Branch 6
  - Exception 0
  - MutationFactory 4
  - Output 4
  - Method 4
  - MethodNoException 4
  - CBranchFitnessFactory 6
* Using seed 1572816442695
* Starting evolution
[MASTER] 19:27:33.608 [pool-2-thread-1] WARN  TestChromosome - Functional mock problem: org.evosuite.ga.ConstructionFailedException: Failed to add constructor for tutorial.Node due to org.evosuite.ga.ConstructionFailedException: Failed to add constructor for tutorial.LinkedListIterator due to org.evosuite.ga.ConstructionFailedException: Have no generator for tutorial.Node<java.lang.Object> canUseFunctionalMocks=false, canBeMocked: true
* Search finished after 56s and 994 generations, 107932 statements, best individual has fitness: 1.3333333333333333
* Writing sequences to pool
* Minimizing test suite
* Going to analyze the coverage criteria
* Coverage analysis for criterion LINE
* Coverage of criterion LINE: 100%
* Total number of goals: 10
* Number of covered goals: 10
* Coverage analysis for criterion BRANCH
* Coverage of criterion BRANCH: 100%
* Total number of goals: 6
* Number of covered goals: 6
* Coverage analysis for criterion EXCEPTION
* Coverage of criterion EXCEPTION: 100%
* Total number of goals: 2
* Number of covered goals: 2
* Coverage analysis for criterion WEAKMUTATION
* Coverage of criterion WEAKMUTATION: 100%
* Total number of goals: 4
* Number of covered goals: 4
* Coverage analysis for criterion OUTPUT
* Coverage of criterion OUTPUT: 100%
* Total number of goals: 4
* Number of covered goals: 4
* Coverage analysis for criterion METHOD
* Coverage of criterion METHOD: 100%
* Total number of goals: 4
* Number of covered goals: 4
* Coverage analysis for criterion METHODNOEXCEPTION
* Coverage of criterion METHODNOEXCEPTION: 75%
* Total number of goals: 4
* Number of covered goals: 3
* Coverage analysis for criterion CBRANCH
* Coverage of criterion CBRANCH: 100%
* Total number of goals: 6
* Number of covered goals: 6
* Generated 5 tests with total length 19
* Resulting test suite's coverage: 97% (average coverage for all fitness functions)
* Generating assertions
* Resulting test suite's mutation score: 100%
* Compiling and checking tests
* Writing JUnit test case 'LinkedListIterator_ESTest' to C:\Users\Diogo\Documents\evosuite\Tutorial_Maven\.evosuite\tmp_2019_11_03_19_24_06\tests
* Done!

